[2023-06-05T16:39:52.401] [INFO] content - Rating for content undefined and user 9edcb9fa-5773-4d60-ba8b-01a5e1e3f478 founded successfully
[2023-06-05T16:45:33.680] [INFO] content - Rating for content undefined and user 1187adb8-2e7b-430a-9cee-25cd4d897fae founded successfully
[2023-06-05T16:46:29.360] [INFO] content - Rating for content undefined and user 1187adb8-2e7b-430a-9cee-25cd4d897fae founded successfully
[2023-06-05T16:47:24.752] [ERROR] content - Error getting rating for content undefined and user 1187adb8-2e7b-430a-9cee-25cd4d897fae
[2023-06-05T16:49:28.774] [INFO] content - Rating for content undefined and user 1187adb8-2e7b-430a-9cee-25cd4d897fae founded successfully
[2023-06-05T16:50:04.925] [INFO] content - Rating for content undefined and user 1187adb8-2e7b-430a-9cee-25cd4d897fae founded successfully
[2023-06-05T16:50:48.553] [INFO] content - Rating for content d63a478c-d889-474e-9c66-ebec10829bbb and user 1187adb8-2e7b-430a-9cee-25cd4d897fae founded successfully
[2023-06-05T16:52:36.463] [INFO] content - Rating for content d63a478c-d889-474e-9c66-ebec10829bbb and user 1187adb8-2e7b-430a-9cee-25cd4d897fae founded successfully
[2023-06-05T16:53:12.983] [INFO] content - Rating for content d63a478c-d889-474e-9c66-ebec10829bbb and user 1187adb8-2e7b-430a-9cee-25cd4d897fae founded successfully
[2023-06-05T16:53:13.125] [INFO] content - Rating for content d63a478c-d889-474e-9c66-ebec10829bbb and user 1187adb8-2e7b-430a-9cee-25cd4d897fae founded successfully
[2023-06-05T16:53:14.649] [ERROR] content - Error rating content d63a478c-d889-474e-9c66-ebec10829bbb - UPDATING RATING
[2023-06-05T16:54:55.295] [INFO] content - Rating for content ebb773a7-acdd-4d23-878c-7d662cc647cd and user 1187adb8-2e7b-430a-9cee-25cd4d897fae founded successfully
[2023-06-05T16:54:55.441] [INFO] content - Rating for content ebb773a7-acdd-4d23-878c-7d662cc647cd and user 1187adb8-2e7b-430a-9cee-25cd4d897fae founded successfully
[2023-06-05T16:54:58.130] [INFO] content - Rating for content d63a478c-d889-474e-9c66-ebec10829bbb and user 1187adb8-2e7b-430a-9cee-25cd4d897fae founded successfully
[2023-06-05T16:54:58.285] [INFO] content - Rating for content d63a478c-d889-474e-9c66-ebec10829bbb and user 1187adb8-2e7b-430a-9cee-25cd4d897fae founded successfully
[2023-06-05T16:55:01.060] [INFO] content - Content d63a478c-d889-474e-9c66-ebec10829bbb rated successfully - UPDATING RATING
[2023-06-05T16:55:05.073] [INFO] content - Rating for content d63a478c-d889-474e-9c66-ebec10829bbb and user 1187adb8-2e7b-430a-9cee-25cd4d897fae founded successfully
[2023-06-05T16:55:05.213] [INFO] content - Rating for content d63a478c-d889-474e-9c66-ebec10829bbb and user 1187adb8-2e7b-430a-9cee-25cd4d897fae founded successfully
[2023-06-05T16:55:08.632] [INFO] content - Rating for content ebb773a7-acdd-4d23-878c-7d662cc647cd and user 1187adb8-2e7b-430a-9cee-25cd4d897fae founded successfully
[2023-06-05T16:55:08.768] [INFO] content - Rating for content ebb773a7-acdd-4d23-878c-7d662cc647cd and user 1187adb8-2e7b-430a-9cee-25cd4d897fae founded successfully
[2023-06-05T16:55:10.242] [INFO] content - Content ebb773a7-acdd-4d23-878c-7d662cc647cd rated successfully - UPDATING RATING
[2023-06-07T11:06:24.756] [INFO] content - Rating for content d63a478c-d889-474e-9c66-ebec10829bbb and user 9edcb9fa-5773-4d60-ba8b-01a5e1e3f478 founded successfully
[2023-06-07T11:06:25.057] [INFO] content - Rating for content d63a478c-d889-474e-9c66-ebec10829bbb and user 9edcb9fa-5773-4d60-ba8b-01a5e1e3f478 founded successfully
[2023-06-07T11:06:27.896] [INFO] content - Content d63a478c-d889-474e-9c66-ebec10829bbb rated successfully
[2023-06-07T11:06:31.012] [INFO] content - Rating for content d63a478c-d889-474e-9c66-ebec10829bbb and user 9edcb9fa-5773-4d60-ba8b-01a5e1e3f478 founded successfully
[2023-06-07T11:06:31.211] [INFO] content - Rating for content d63a478c-d889-474e-9c66-ebec10829bbb and user 9edcb9fa-5773-4d60-ba8b-01a5e1e3f478 founded successfully
[2023-06-07T11:07:25.920] [INFO] content - Rating for content ebb773a7-acdd-4d23-878c-7d662cc647cd and user 9edcb9fa-5773-4d60-ba8b-01a5e1e3f478 founded successfully
[2023-06-07T11:07:26.260] [INFO] content - Rating for content ebb773a7-acdd-4d23-878c-7d662cc647cd and user 9edcb9fa-5773-4d60-ba8b-01a5e1e3f478 founded successfully
[2023-06-07T11:13:13.768] [INFO] content - Rating for content ebb773a7-acdd-4d23-878c-7d662cc647cd and user 9edcb9fa-5773-4d60-ba8b-01a5e1e3f478 founded successfully
[2023-06-07T11:20:09.080] [INFO] content - Rating for content d63a478c-d889-474e-9c66-ebec10829bbb and user 9edcb9fa-5773-4d60-ba8b-01a5e1e3f478 founded successfully
[2023-06-07T11:20:09.256] [INFO] content - Rating for content d63a478c-d889-474e-9c66-ebec10829bbb and user 9edcb9fa-5773-4d60-ba8b-01a5e1e3f478 founded successfully
[2023-06-07T11:20:13.953] [INFO] content - Rating for content ebb773a7-acdd-4d23-878c-7d662cc647cd and user 9edcb9fa-5773-4d60-ba8b-01a5e1e3f478 founded successfully
[2023-06-07T11:20:14.132] [INFO] content - Rating for content ebb773a7-acdd-4d23-878c-7d662cc647cd and user 9edcb9fa-5773-4d60-ba8b-01a5e1e3f478 founded successfully
[2023-06-07T11:21:03.767] [INFO] content - Rating for content ebb773a7-acdd-4d23-878c-7d662cc647cd and user 9edcb9fa-5773-4d60-ba8b-01a5e1e3f478 founded successfully
[2023-06-07T11:21:03.947] [INFO] content - Rating for content ebb773a7-acdd-4d23-878c-7d662cc647cd and user 9edcb9fa-5773-4d60-ba8b-01a5e1e3f478 founded successfully
[2023-06-07T11:21:33.502] [INFO] content - Rating for content ebb773a7-acdd-4d23-878c-7d662cc647cd and user 9edcb9fa-5773-4d60-ba8b-01a5e1e3f478 founded successfully
[2023-06-07T11:21:33.706] [INFO] content - Rating for content ebb773a7-acdd-4d23-878c-7d662cc647cd and user 9edcb9fa-5773-4d60-ba8b-01a5e1e3f478 founded successfully
[2023-06-07T11:21:39.898] [INFO] content - Rating for content d63a478c-d889-474e-9c66-ebec10829bbb and user 9edcb9fa-5773-4d60-ba8b-01a5e1e3f478 founded successfully
[2023-06-07T11:21:40.067] [INFO] content - Rating for content d63a478c-d889-474e-9c66-ebec10829bbb and user 9edcb9fa-5773-4d60-ba8b-01a5e1e3f478 founded successfully
[2023-06-07T11:22:38.830] [INFO] content - Rating for content ebb773a7-acdd-4d23-878c-7d662cc647cd and user 9edcb9fa-5773-4d60-ba8b-01a5e1e3f478 founded successfully
[2023-06-07T11:22:39.018] [INFO] content - Rating for content ebb773a7-acdd-4d23-878c-7d662cc647cd and user 9edcb9fa-5773-4d60-ba8b-01a5e1e3f478 founded successfully
[2023-06-07T11:22:45.009] [INFO] content - Content ebb773a7-acdd-4d23-878c-7d662cc647cd updated successfully - UPDATING CONTENT TO INVISIBLE - REPORT
[2023-06-07T11:22:45.991] [INFO] content - Content ebb773a7-acdd-4d23-878c-7d662cc647cd reported successfully
[2023-06-07T11:22:51.954] [INFO] content - Rating for content d63a478c-d889-474e-9c66-ebec10829bbb and user 9edcb9fa-5773-4d60-ba8b-01a5e1e3f478 founded successfully
[2023-06-07T11:22:52.106] [INFO] content - Rating for content d63a478c-d889-474e-9c66-ebec10829bbb and user 9edcb9fa-5773-4d60-ba8b-01a5e1e3f478 founded successfully
[2023-06-07T11:45:24.905] [INFO] content - Reported content founded successfully
[2023-06-07T13:40:43.376] [INFO] content - Reported content founded successfully
[2023-06-07T13:40:43.652] [INFO] content - Reported content founded successfully
[2023-06-07T13:40:44.704] [INFO] content - Rating for content ebb773a7-acdd-4d23-878c-7d662cc647cd and user 9edcb9fa-5773-4d60-ba8b-01a5e1e3f478 founded successfully
[2023-06-07T13:40:44.889] [INFO] content - Rating for content ebb773a7-acdd-4d23-878c-7d662cc647cd and user 9edcb9fa-5773-4d60-ba8b-01a5e1e3f478 founded successfully
[2023-06-07T13:41:57.548] [INFO] content - Rating for content ebb773a7-acdd-4d23-878c-7d662cc647cd and user 9edcb9fa-5773-4d60-ba8b-01a5e1e3f478 founded successfully
[2023-06-07T13:41:57.716] [INFO] content - Rating for content ebb773a7-acdd-4d23-878c-7d662cc647cd and user 9edcb9fa-5773-4d60-ba8b-01a5e1e3f478 founded successfully
[2023-06-07T13:44:35.079] [INFO] content - Reported content founded successfully
[2023-06-07T13:44:36.631] [INFO] content - Rating for content ebb773a7-acdd-4d23-878c-7d662cc647cd and user 9edcb9fa-5773-4d60-ba8b-01a5e1e3f478 founded successfully
[2023-06-07T13:44:36.778] [INFO] content - Rating for content ebb773a7-acdd-4d23-878c-7d662cc647cd and user 9edcb9fa-5773-4d60-ba8b-01a5e1e3f478 founded successfully
[2023-06-07T13:45:24.938] [INFO] content - Rating for content ebb773a7-acdd-4d23-878c-7d662cc647cd and user 9edcb9fa-5773-4d60-ba8b-01a5e1e3f478 founded successfully
[2023-06-07T13:45:25.090] [INFO] content - Rating for content ebb773a7-acdd-4d23-878c-7d662cc647cd and user 9edcb9fa-5773-4d60-ba8b-01a5e1e3f478 founded successfully
[2023-06-07T13:47:34.580] [INFO] content - Reported content founded successfully
[2023-06-07T13:47:34.861] [INFO] content - Reported content founded successfully
[2023-06-07T13:47:53.584] [INFO] content - Reported content founded successfully
[2023-06-07T13:47:53.874] [INFO] content - Reported content founded successfully
[2023-06-07T13:51:53.479] [INFO] content - Rating for content d63a478c-d889-474e-9c66-ebec10829bbb and user 9edcb9fa-5773-4d60-ba8b-01a5e1e3f478 founded successfully
[2023-06-07T13:51:53.625] [INFO] content - Rating for content d63a478c-d889-474e-9c66-ebec10829bbb and user 9edcb9fa-5773-4d60-ba8b-01a5e1e3f478 founded successfully
[2023-06-07T13:52:05.541] [INFO] content - Reported content founded successfully
[2023-06-07T13:52:05.813] [INFO] content - Reported content founded successfully
[2023-06-07T13:52:45.453] [INFO] content - Rating for content ebb773a7-acdd-4d23-878c-7d662cc647cd and user 9edcb9fa-5773-4d60-ba8b-01a5e1e3f478 founded successfully
[2023-06-07T13:52:45.595] [INFO] content - Rating for content ebb773a7-acdd-4d23-878c-7d662cc647cd and user 9edcb9fa-5773-4d60-ba8b-01a5e1e3f478 founded successfully
[2023-06-07T13:55:11.936] [INFO] content - Reported content founded successfully
[2023-06-07T13:55:12.208] [INFO] content - Reported content founded successfully
[2023-06-07T13:57:36.543] [INFO] content - Reported content founded successfully
[2023-06-07T13:57:36.822] [INFO] content - Reported content founded successfully
[2023-06-07T13:58:39.633] [INFO] content - Reported content founded successfully
[2023-06-07T13:58:39.921] [INFO] content - Reported content founded successfully
[2023-06-07T13:59:16.084] [INFO] content - Reported content founded successfully
[2023-06-07T13:59:16.375] [INFO] content - Reported content founded successfully
[2023-06-07T13:59:27.483] [INFO] content - Reported content founded successfully
[2023-06-07T13:59:27.758] [INFO] content - Reported content founded successfully
[2023-06-07T13:59:46.090] [INFO] content - Reported content founded successfully
[2023-06-07T13:59:46.366] [INFO] content - Reported content founded successfully
[2023-06-07T14:05:16.635] [INFO] content - Reported content founded successfully
[2023-06-07T14:05:58.056] [INFO] content - Reported content founded successfully
[2023-06-07T14:06:01.181] [INFO] content - Reported content founded successfully
[2023-06-07T14:06:20.084] [INFO] content - Content ebb773a7-acdd-4d23-878c-7d662cc647cd updated successfully - UPDATING CONTENT TO VISIBLE - CLOSE REPORT
[2023-06-07T14:06:22.578] [INFO] content - Reported content founded successfully
[2023-06-07T14:06:22.727] [INFO] content - Reported content founded successfully
[2023-06-07T14:08:15.651] [INFO] content - Reported content founded successfully
[2023-06-07T14:08:44.862] [INFO] content - Reported content founded successfully
[2023-06-07T14:08:50.589] [INFO] content - Reported content founded successfully
[2023-06-07T14:13:14.756] [INFO] content - Reported content founded successfully
[2023-06-07T14:13:14.902] [INFO] content - Reported content founded successfully
[2023-06-07T14:13:21.761] [INFO] content - Reported content founded successfully
[2023-06-07T14:13:24.550] [INFO] content - Reported content founded successfully
[2023-06-07T14:13:39.315] [INFO] content - Reported content founded successfully
[2023-06-07T14:13:42.753] [INFO] content - Reported content founded successfully
[2023-06-07T14:13:57.476] [INFO] content - Reported content founded successfully
[2023-06-07T14:14:35.215] [INFO] content - Reported content founded successfully
[2023-06-07T14:14:35.369] [INFO] content - Reported content founded successfully
[2023-06-07T14:14:35.532] [INFO] content - Reported content founded successfully
[2023-06-07T14:14:57.509] [INFO] content - Reported content founded successfully
[2023-06-07T14:33:08.919] [INFO] content - Reported content founded successfully
[2023-06-07T14:33:09.071] [INFO] content - Reported content founded successfully
[2023-06-07T14:34:27.472] [INFO] content - Reported content founded successfully
[2023-06-07T14:34:27.616] [INFO] content - Reported content founded successfully
[2023-06-07T14:34:34.065] [INFO] content - Rating for content ebb773a7-acdd-4d23-878c-7d662cc647cd and user 9edcb9fa-5773-4d60-ba8b-01a5e1e3f478 founded successfully
[2023-06-07T14:34:34.218] [INFO] content - Rating for content ebb773a7-acdd-4d23-878c-7d662cc647cd and user 9edcb9fa-5773-4d60-ba8b-01a5e1e3f478 founded successfully
[2023-06-07T14:34:38.219] [INFO] content - Content ebb773a7-acdd-4d23-878c-7d662cc647cd updated successfully - UPDATING CONTENT TO INVISIBLE - REPORT
[2023-06-07T14:34:39.155] [INFO] content - Content ebb773a7-acdd-4d23-878c-7d662cc647cd reported successfully
[2023-06-07T14:34:45.223] [INFO] content - Reported content founded successfully
[2023-06-07T14:34:45.511] [INFO] content - Reported content founded successfully
[2023-06-07T14:34:49.051] [INFO] content - Content ebb773a7-acdd-4d23-878c-7d662cc647cd updated successfully - UPDATING CONTENT TO VISIBLE - CLOSE REPORT
[2023-06-07T14:34:50.023] [INFO] content - Reported content founded successfully
[2023-06-07T14:34:50.178] [INFO] content - Reported content founded successfully
[2023-06-07T14:37:27.557] [INFO] content - Reported content founded successfully
[2023-06-07T14:37:27.700] [INFO] content - Reported content founded successfully
[2023-06-07T14:37:46.739] [INFO] content - Reported content founded successfully
[2023-06-07T14:37:46.896] [INFO] content - Reported content founded successfully
[2023-06-07T14:38:10.565] [INFO] content - Reported content founded successfully
[2023-06-07T14:38:10.742] [INFO] content - Reported content founded successfully
[2023-06-07T14:38:14.716] [INFO] content - Reported content founded successfully
[2023-06-07T14:38:25.166] [INFO] content - Reported content founded successfully
[2023-06-07T14:39:33.572] [INFO] content - Reported content founded successfully
[2023-06-07T14:39:33.870] [INFO] content - Reported content founded successfully
[2023-06-07T14:40:14.993] [INFO] content - Reported content founded successfully
[2023-06-07T14:40:15.276] [INFO] content - Reported content founded successfully
[2023-06-09T11:55:25.855] [INFO] content - Rating for content ebb773a7-acdd-4d23-878c-7d662cc647cd and user d2a24479-cda6-45f3-9e0e-acc325836410 founded successfully
[2023-06-09T11:55:26.021] [INFO] content - Rating for content ebb773a7-acdd-4d23-878c-7d662cc647cd and user d2a24479-cda6-45f3-9e0e-acc325836410 founded successfully
[2023-06-09T12:06:32.953] [INFO] content - Rating for content ebb773a7-acdd-4d23-878c-7d662cc647cd and user d2a24479-cda6-45f3-9e0e-acc325836410 founded successfully
[2023-06-09T12:06:33.119] [INFO] content - Rating for content ebb773a7-acdd-4d23-878c-7d662cc647cd and user d2a24479-cda6-45f3-9e0e-acc325836410 founded successfully
[2023-06-09T12:23:54.197] [INFO] content - Rating for content d63a478c-d889-474e-9c66-ebec10829bbb and user d2a24479-cda6-45f3-9e0e-acc325836410 founded successfully
[2023-06-09T12:23:54.361] [INFO] content - Rating for content d63a478c-d889-474e-9c66-ebec10829bbb and user d2a24479-cda6-45f3-9e0e-acc325836410 founded successfully
[2023-06-09T21:01:37.601] [INFO] content - Rating for content ebb773a7-acdd-4d23-878c-7d662cc647cd and user d2a24479-cda6-45f3-9e0e-acc325836410 founded successfully
[2023-06-09T21:01:37.804] [INFO] content - Rating for content ebb773a7-acdd-4d23-878c-7d662cc647cd and user d2a24479-cda6-45f3-9e0e-acc325836410 founded successfully
[2023-06-09T21:01:41.898] [INFO] content - Rating for content ebb773a7-acdd-4d23-878c-7d662cc647cd and user d2a24479-cda6-45f3-9e0e-acc325836410 founded successfully
[2023-06-09T21:01:42.065] [INFO] content - Rating for content ebb773a7-acdd-4d23-878c-7d662cc647cd and user d2a24479-cda6-45f3-9e0e-acc325836410 founded successfully
[2023-06-09T21:06:25.446] [INFO] content - Content ae78fc8d-c04e-4d63-ae27-191fd7b5cfb5 created successfully
[2023-06-09T21:06:25.447] [INFO] content - Tags created successfully for content ae78fc8d-c04e-4d63-ae27-191fd7b5cfb5
