[2023-05-25T23:19:33.765] [ERROR] project - Problems on server: Error: 
Invalid `prisma.project.create()` invocation in
E:\pepeh\Documents\GitHub\Grupo-4\app\backend\services\project.js:18:50

  15 const dateMock = new Date()
  16 
  17 try {
→ 18     const project = await prisma.project.create(
Null constraint violation on the fields: (`coleaderId`)
[2023-05-25T23:20:58.758] [ERROR] project - Problems on server: Error: 
Invalid `prisma.project.create()` invocation in
E:\pepeh\Documents\GitHub\Grupo-4\app\backend\services\project.js:18:50

  15 const dateMock = new Date()
  16 
  17 try {
→ 18     const project = await prisma.project.create(
Foreign key constraint failed on the field: `foreign key`
[2023-05-25T23:22:37.217] [ERROR] project - Problems on server: Error: 
Invalid `prisma.project.create()` invocation in
E:\pepeh\Documents\GitHub\Grupo-4\app\backend\services\project.js:20:50

  17 const dateMock = new Date()
  18 
  19 try {
→ 20     const project = await prisma.project.create(
Foreign key constraint failed on the field: `foreign key`
[2023-05-25T23:23:33.450] [INFO] project - Project 73e61f88-6761-41f2-baed-303b91982f95 created successfully
[2023-05-25T23:26:55.167] [ERROR] project - Someone tried to get a project that doesn't exists | ID (project) passed: getAll
[2023-05-25T23:26:55.174] [ERROR] project - Problems on server getting project: Error: Project not found
[2023-05-26T04:53:50.967] [ERROR] project - Problems on server getting all projects: Error: 
Invalid `prisma.project.findMany()` invocation in
C:\Users\Inteli\Documents\Projetos módulos\Grupo-4-T03-M06-2023\app\backend\services\project.js:125:51

  122 async getAllProjects() {
  123     try {
  124         //Getting all projects
→ 125         const projects = await prisma.project.findMany(
The column `main.Project.coleaderId` does not exist in the current database.
[2023-05-26T04:54:04.832] [ERROR] project - Problems on server getting all projects: Error: 
Invalid `prisma.project.findMany()` invocation in
C:\Users\Inteli\Documents\Projetos módulos\Grupo-4-T03-M06-2023\app\backend\services\project.js:125:51

  122 async getAllProjects() {
  123     try {
  124         //Getting all projects
→ 125         const projects = await prisma.project.findMany(
The column `main.Project.coleaderId` does not exist in the current database.
[2023-05-26T04:54:19.286] [ERROR] project - Problems on server getting all projects: Error: 
Invalid `prisma.project.findMany()` invocation in
C:\Users\Inteli\Documents\Projetos módulos\Grupo-4-T03-M06-2023\app\backend\services\project.js:125:51

  122 async getAllProjects() {
  123     try {
  124         //Getting all projects
→ 125         const projects = await prisma.project.findMany(
The column `main.Project.coleaderId` does not exist in the current database.
[2023-05-26T13:03:47.418] [ERROR] project - Problems on server getting all projects: Error: 
Invalid `prisma.project.findMany()` invocation in
C:\Users\pepeh\OneDrive\Documentos\GitHub\Grupo-4\app\backend\services\project.js:125:51

  122 async getAllProjects() {
  123     try {
  124         //Getting all projects
→ 125         const projects = await prisma.project.findMany(
The column `main.Project.coleaderId` does not exist in the current database.
[2023-05-26T13:03:47.431] [ERROR] project - Problems on server getting all projects: Error: 
Invalid `prisma.project.findMany()` invocation in
C:\Users\pepeh\OneDrive\Documentos\GitHub\Grupo-4\app\backend\services\project.js:125:51

  122 async getAllProjects() {
  123     try {
  124         //Getting all projects
→ 125         const projects = await prisma.project.findMany(
The column `main.Project.coleaderId` does not exist in the current database.
[2023-05-29T14:29:01.311] [INFO] project - Project 3f7da10f-c816-4108-9bc7-e464a28e9e47 created successfully
[2023-05-29T14:29:02.424] [INFO] project - Added points to user 63656647-fbde-4505-b6fb-2f0581c64ffb for creating project
[2023-05-29T14:35:26.335] [ERROR] project - Problems on server: SyntaxError: Unexpected token ' in JSON at position 2
[2023-05-29T14:48:04.295] [INFO] project - Roles created successfully for project 7c306e33-cf1d-4ee8-bb73-2b791438e96b
[2023-05-29T14:48:53.442] [INFO] project - Roles created successfully for project c881c2c6-7882-4ba3-8f2e-168bffa5cadd
[2023-05-29T14:48:54.539] [INFO] project - Project c881c2c6-7882-4ba3-8f2e-168bffa5cadd created successfully
[2023-05-29T19:29:46.166] [INFO] project - Roles created successfully for project 70a1f724-fe2f-4bce-8271-164af4ae9d16
[2023-05-29T19:29:48.458] [INFO] project - Project 70a1f724-fe2f-4bce-8271-164af4ae9d16 created successfully
[2023-05-29T19:41:56.732] [INFO] project - Roles created successfully for project 00f98923-d69f-4f8a-b116-7083481ddebb
[2023-05-29T19:41:59.394] [INFO] project - Project 00f98923-d69f-4f8a-b116-7083481ddebb created successfully
